<?xml version="1.0" encoding="UTF-8"?>
<testng-results skipped="0" failed="0" total="1" passed="1">
  <reporter-output>
  </reporter-output>
  <suite name="Suite1" duration-ms="25" started-at="2017-09-02T08:00:05Z" finished-at="2017-09-02T08:00:05Z">
    <groups>
    </groups>
    <test name="Regression1" duration-ms="25" started-at="2017-09-02T08:00:05Z" finished-at="2017-09-02T08:00:05Z">
      <class name="automation.cdci_auto.Login">
        <test-method status="PASS" signature="typeText()[pri:0, instance:automation.cdci_auto.Login@135b478]" name="typeText" duration-ms="10" started-at="2017-09-02T13:30:05Z" finished-at="2017-09-02T13:30:05Z">
          <reporter-output>
          </reporter-output>
        </test-method> <!-- typeText -->
      </class> <!-- automation.cdci_auto.Login -->
    </test> <!-- Regression1 -->
  </suite> <!-- Suite1 -->
</testng-results>
