<?xml version="1.0" encoding="UTF-8"?>
<testng-results skipped="0" failed="0" total="1" passed="1">
  <reporter-output>
  </reporter-output>
  <suite name="Default suite" duration-ms="43" started-at="2017-09-01T09:42:35Z" finished-at="2017-09-01T09:42:35Z">
    <groups>
    </groups>
    <test name="Default test" duration-ms="43" started-at="2017-09-01T09:42:35Z" finished-at="2017-09-01T09:42:35Z">
      <class name="automation.cdci_auto.Login">
        <test-method status="PASS" signature="typeText()[pri:0, instance:automation.cdci_auto.Login@c0edeb]" name="typeText" duration-ms="20" started-at="2017-09-01T15:12:35Z" finished-at="2017-09-01T15:12:35Z">
          <reporter-output>
          </reporter-output>
        </test-method> <!-- typeText -->
      </class> <!-- automation.cdci_auto.Login -->
    </test> <!-- Default test -->
  </suite> <!-- Default suite -->
</testng-results>
